CRITICAL - 2021-07-06 20:54:48 --> syntax error, unexpected 'public' (T_PUBLIC), expecting end of file
#0 C:\xampp\htdocs\lab11_php_ci\ci4\system\Router\Router.php(167): CodeIgniter\Router\Router->autoRoute('user/login')
#1 C:\xampp\htdocs\lab11_php_ci\ci4\system\CodeIgniter.php(765): CodeIgniter\Router\Router->handle('user/login')
#2 C:\xampp\htdocs\lab11_php_ci\ci4\system\CodeIgniter.php(375): CodeIgniter\CodeIgniter->tryToRouteIt(Object(CodeIgniter\Router\RouteCollection))
#3 C:\xampp\htdocs\lab11_php_ci\ci4\system\CodeIgniter.php(324): CodeIgniter\CodeIgniter->handleRequest(NULL, Object(Config\Cache), false)
#4 C:\xampp\htdocs\lab11_php_ci\ci4\public\index.php(37): CodeIgniter\CodeIgniter->run()
#5 {main}
CRITICAL - 2021-07-06 20:56:50 --> syntax error, unexpected 'public' (T_PUBLIC), expecting end of file
#0 C:\xampp\htdocs\lab11_php_ci\ci4\system\Router\Router.php(167): CodeIgniter\Router\Router->autoRoute('user/login')
#1 C:\xampp\htdocs\lab11_php_ci\ci4\system\CodeIgniter.php(765): CodeIgniter\Router\Router->handle('user/login')
#2 C:\xampp\htdocs\lab11_php_ci\ci4\system\CodeIgniter.php(375): CodeIgniter\CodeIgniter->tryToRouteIt(Object(CodeIgniter\Router\RouteCollection))
#3 C:\xampp\htdocs\lab11_php_ci\ci4\system\CodeIgniter.php(324): CodeIgniter\CodeIgniter->handleRequest(NULL, Object(Config\Cache), false)
#4 C:\xampp\htdocs\lab11_php_ci\ci4\public\index.php(37): CodeIgniter\CodeIgniter->run()
#5 {main}
CRITICAL - 2021-07-06 20:57:31 --> syntax error, unexpected 'public' (T_PUBLIC), expecting end of file
#0 C:\xampp\htdocs\lab11_php_ci\ci4\system\Router\Router.php(167): CodeIgniter\Router\Router->autoRoute('user/login')
#1 C:\xampp\htdocs\lab11_php_ci\ci4\system\CodeIgniter.php(765): CodeIgniter\Router\Router->handle('user/login')
#2 C:\xampp\htdocs\lab11_php_ci\ci4\system\CodeIgniter.php(375): CodeIgniter\CodeIgniter->tryToRouteIt(Object(CodeIgniter\Router\RouteCollection))
#3 C:\xampp\htdocs\lab11_php_ci\ci4\system\CodeIgniter.php(324): CodeIgniter\CodeIgniter->handleRequest(NULL, Object(Config\Cache), false)
#4 C:\xampp\htdocs\lab11_php_ci\ci4\public\index.php(37): CodeIgniter\CodeIgniter->run()
#5 {main}
