CRITICAL - 2021-06-27 03:42:39 --> Class 'Config\App\Filters\Auth' not found
#0 C:\xampp\htdocs\lab11_php_ci\ci4\system\CodeIgniter.php(391): CodeIgniter\Filters\Filters->run('admin/artikel', 'before')
#1 C:\xampp\htdocs\lab11_php_ci\ci4\system\CodeIgniter.php(324): CodeIgniter\CodeIgniter->handleRequest(NULL, Object(Config\Cache), false)
#2 C:\xampp\htdocs\lab11_php_ci\ci4\public\index.php(37): CodeIgniter\CodeIgniter->run()
#3 C:\xampp\htdocs\lab11_php_ci\ci4\system\Commands\Server\rewrite.php(43): require_once('C:\\xampp\\htdocs...')
#4 {main}
CRITICAL - 2021-06-27 03:44:01 --> Class 'Config\App\Filters\Auth' not found
#0 C:\xampp\htdocs\lab11_php_ci\ci4\system\Common.php(212): CodeIgniter\Config\Factories::__callStatic('config', Array)
#1 C:\xampp\htdocs\lab11_php_ci\ci4\system\Config\Services.php(294): config('Filters')
#2 C:\xampp\htdocs\lab11_php_ci\ci4\system\Config\BaseService.php(256): CodeIgniter\Config\Services::filters(NULL, false)
#3 C:\xampp\htdocs\lab11_php_ci\ci4\system\Config\BaseService.php(190): CodeIgniter\Config\BaseService::__callStatic('filters', Array)
#4 C:\xampp\htdocs\lab11_php_ci\ci4\system\Config\Services.php(291): CodeIgniter\Config\BaseService::getSharedInstance('filters', NULL)
#5 C:\xampp\htdocs\lab11_php_ci\ci4\system\Config\BaseService.php(256): CodeIgniter\Config\Services::filters()
#6 C:\xampp\htdocs\lab11_php_ci\ci4\system\CodeIgniter.php(378): CodeIgniter\Config\BaseService::__callStatic('filters', Array)
#7 C:\xampp\htdocs\lab11_php_ci\ci4\system\CodeIgniter.php(324): CodeIgniter\CodeIgniter->handleRequest(NULL, Object(Config\Cache), false)
#8 C:\xampp\htdocs\lab11_php_ci\ci4\public\index.php(37): CodeIgniter\CodeIgniter->run()
#9 C:\xampp\htdocs\lab11_php_ci\ci4\system\Commands\Server\rewrite.php(43): require_once('C:\\xampp\\htdocs...')
#10 {main}
CRITICAL - 2021-06-27 03:44:12 --> Class 'Config\App\Filters\Auth' not found
#0 C:\xampp\htdocs\lab11_php_ci\ci4\system\CodeIgniter.php(391): CodeIgniter\Filters\Filters->run('admin/artikel', 'before')
#1 C:\xampp\htdocs\lab11_php_ci\ci4\system\CodeIgniter.php(324): CodeIgniter\CodeIgniter->handleRequest(NULL, Object(Config\Cache), false)
#2 C:\xampp\htdocs\lab11_php_ci\ci4\public\index.php(37): CodeIgniter\CodeIgniter->run()
#3 C:\xampp\htdocs\lab11_php_ci\ci4\system\Commands\Server\rewrite.php(43): require_once('C:\\xampp\\htdocs...')
#4 {main}
CRITICAL - 2021-06-27 03:46:58 --> Class 'Config\App\Filters\Auth' not found
#0 C:\xampp\htdocs\lab11_php_ci\ci4\system\CodeIgniter.php(391): CodeIgniter\Filters\Filters->run('admin/artikel', 'before')
#1 C:\xampp\htdocs\lab11_php_ci\ci4\system\CodeIgniter.php(324): CodeIgniter\CodeIgniter->handleRequest(NULL, Object(Config\Cache), false)
#2 C:\xampp\htdocs\lab11_php_ci\ci4\public\index.php(37): CodeIgniter\CodeIgniter->run()
#3 C:\xampp\htdocs\lab11_php_ci\ci4\system\Commands\Server\rewrite.php(43): require_once('C:\\xampp\\htdocs...')
#4 {main}
CRITICAL - 2021-06-27 03:47:58 --> Class 'Config\App\Filters\Auth' not found
#0 C:\xampp\htdocs\lab11_php_ci\ci4\system\CodeIgniter.php(391): CodeIgniter\Filters\Filters->run('admin/artikel', 'before')
#1 C:\xampp\htdocs\lab11_php_ci\ci4\system\CodeIgniter.php(324): CodeIgniter\CodeIgniter->handleRequest(NULL, Object(Config\Cache), false)
#2 C:\xampp\htdocs\lab11_php_ci\ci4\public\index.php(37): CodeIgniter\CodeIgniter->run()
#3 C:\xampp\htdocs\lab11_php_ci\ci4\system\Commands\Server\rewrite.php(43): require_once('C:\\xampp\\htdocs...')
#4 {main}
CRITICAL - 2021-06-27 03:48:00 --> Class 'Config\App\Filters\Auth' not found
#0 C:\xampp\htdocs\lab11_php_ci\ci4\system\CodeIgniter.php(391): CodeIgniter\Filters\Filters->run('admin/artikel', 'before')
#1 C:\xampp\htdocs\lab11_php_ci\ci4\system\CodeIgniter.php(324): CodeIgniter\CodeIgniter->handleRequest(NULL, Object(Config\Cache), false)
#2 C:\xampp\htdocs\lab11_php_ci\ci4\public\index.php(37): CodeIgniter\CodeIgniter->run()
#3 C:\xampp\htdocs\lab11_php_ci\ci4\system\Commands\Server\rewrite.php(43): require_once('C:\\xampp\\htdocs...')
#4 {main}
CRITICAL - 2021-06-27 03:48:03 --> Class 'Config\App\Filters\Auth' not found
#0 C:\xampp\htdocs\lab11_php_ci\ci4\system\CodeIgniter.php(391): CodeIgniter\Filters\Filters->run('admin/artikel', 'before')
#1 C:\xampp\htdocs\lab11_php_ci\ci4\system\CodeIgniter.php(324): CodeIgniter\CodeIgniter->handleRequest(NULL, Object(Config\Cache), false)
#2 C:\xampp\htdocs\lab11_php_ci\ci4\public\index.php(37): CodeIgniter\CodeIgniter->run()
#3 C:\xampp\htdocs\lab11_php_ci\ci4\system\Commands\Server\rewrite.php(43): require_once('C:\\xampp\\htdocs...')
#4 {main}
CRITICAL - 2021-06-27 03:50:44 --> auth filter must have a matching alias defined.
#0 C:\xampp\htdocs\lab11_php_ci\ci4\system\Filters\Filters.php(360): CodeIgniter\Filters\Exceptions\FilterException::forNoAlias('auth')
#1 C:\xampp\htdocs\lab11_php_ci\ci4\system\CodeIgniter.php(383): CodeIgniter\Filters\Filters->enableFilter('auth', 'before')
#2 C:\xampp\htdocs\lab11_php_ci\ci4\system\CodeIgniter.php(324): CodeIgniter\CodeIgniter->handleRequest(NULL, Object(Config\Cache), false)
#3 C:\xampp\htdocs\lab11_php_ci\ci4\public\index.php(37): CodeIgniter\CodeIgniter->run()
#4 C:\xampp\htdocs\lab11_php_ci\ci4\system\Commands\Server\rewrite.php(43): require_once('C:\\xampp\\htdocs...')
#5 {main}
CRITICAL - 2021-06-27 03:52:22 --> Class 'Config\App\Filters\Auth' not found
#0 C:\xampp\htdocs\lab11_php_ci\ci4\system\CodeIgniter.php(391): CodeIgniter\Filters\Filters->run('admin/artikel', 'before')
#1 C:\xampp\htdocs\lab11_php_ci\ci4\system\CodeIgniter.php(324): CodeIgniter\CodeIgniter->handleRequest(NULL, Object(Config\Cache), false)
#2 C:\xampp\htdocs\lab11_php_ci\ci4\public\index.php(37): CodeIgniter\CodeIgniter->run()
#3 C:\xampp\htdocs\lab11_php_ci\ci4\system\Commands\Server\rewrite.php(43): require_once('C:\\xampp\\htdocs...')
#4 {main}
CRITICAL - 2021-06-27 03:52:51 --> Class 'Config\App\Filters\Auth' not found
#0 C:\xampp\htdocs\lab11_php_ci\ci4\system\CodeIgniter.php(391): CodeIgniter\Filters\Filters->run('admin/artikel', 'before')
#1 C:\xampp\htdocs\lab11_php_ci\ci4\system\CodeIgniter.php(324): CodeIgniter\CodeIgniter->handleRequest(NULL, Object(Config\Cache), false)
#2 C:\xampp\htdocs\lab11_php_ci\ci4\public\index.php(37): CodeIgniter\CodeIgniter->run()
#3 C:\xampp\htdocs\lab11_php_ci\ci4\system\Commands\Server\rewrite.php(43): require_once('C:\\xampp\\htdocs...')
#4 {main}
CRITICAL - 2021-06-27 03:54:19 --> Class 'Config\App\Filters\Auth' not found
#0 C:\xampp\htdocs\lab11_php_ci\ci4\system\CodeIgniter.php(391): CodeIgniter\Filters\Filters->run('admin/artikel', 'before')
#1 C:\xampp\htdocs\lab11_php_ci\ci4\system\CodeIgniter.php(324): CodeIgniter\CodeIgniter->handleRequest(NULL, Object(Config\Cache), false)
#2 C:\xampp\htdocs\lab11_php_ci\ci4\public\index.php(37): CodeIgniter\CodeIgniter->run()
#3 C:\xampp\htdocs\lab11_php_ci\ci4\system\Commands\Server\rewrite.php(43): require_once('C:\\xampp\\htdocs...')
#4 {main}
CRITICAL - 2021-06-27 03:56:07 --> Class 'Config\App\Filters\Auth' not found
#0 C:\xampp\htdocs\lab11_php_ci\ci4\system\CodeIgniter.php(391): CodeIgniter\Filters\Filters->run('admin/artikel', 'before')
#1 C:\xampp\htdocs\lab11_php_ci\ci4\system\CodeIgniter.php(324): CodeIgniter\CodeIgniter->handleRequest(NULL, Object(Config\Cache), false)
#2 C:\xampp\htdocs\lab11_php_ci\ci4\public\index.php(37): CodeIgniter\CodeIgniter->run()
#3 C:\xampp\htdocs\lab11_php_ci\ci4\system\Commands\Server\rewrite.php(43): require_once('C:\\xampp\\htdocs...')
#4 {main}
CRITICAL - 2021-06-27 03:58:59 --> Class 'Config\App\Filters\Auth' not found
#0 C:\xampp\htdocs\lab11_php_ci\ci4\system\CodeIgniter.php(391): CodeIgniter\Filters\Filters->run('admin/artikel', 'before')
#1 C:\xampp\htdocs\lab11_php_ci\ci4\system\CodeIgniter.php(324): CodeIgniter\CodeIgniter->handleRequest(NULL, Object(Config\Cache), false)
#2 C:\xampp\htdocs\lab11_php_ci\ci4\public\index.php(37): CodeIgniter\CodeIgniter->run()
#3 C:\xampp\htdocs\lab11_php_ci\ci4\system\Commands\Server\rewrite.php(43): require_once('C:\\xampp\\htdocs...')
#4 {main}
CRITICAL - 2021-06-27 04:12:21 --> Class 'Config\App\Filters\Auth' not found
#0 C:\xampp\htdocs\lab11_php_ci\ci4\system\CodeIgniter.php(391): CodeIgniter\Filters\Filters->run('admin/artikel', 'before')
#1 C:\xampp\htdocs\lab11_php_ci\ci4\system\CodeIgniter.php(324): CodeIgniter\CodeIgniter->handleRequest(NULL, Object(Config\Cache), false)
#2 C:\xampp\htdocs\lab11_php_ci\ci4\public\index.php(37): CodeIgniter\CodeIgniter->run()
#3 C:\xampp\htdocs\lab11_php_ci\ci4\system\Commands\Server\rewrite.php(43): require_once('C:\\xampp\\htdocs...')
#4 {main}
CRITICAL - 2021-06-27 04:12:25 --> Class 'Config\App\Filters\Auth' not found
#0 C:\xampp\htdocs\lab11_php_ci\ci4\system\CodeIgniter.php(391): CodeIgniter\Filters\Filters->run('admin/artikel', 'before')
#1 C:\xampp\htdocs\lab11_php_ci\ci4\system\CodeIgniter.php(324): CodeIgniter\CodeIgniter->handleRequest(NULL, Object(Config\Cache), false)
#2 C:\xampp\htdocs\lab11_php_ci\ci4\public\index.php(37): CodeIgniter\CodeIgniter->run()
#3 C:\xampp\htdocs\lab11_php_ci\ci4\system\Commands\Server\rewrite.php(43): require_once('C:\\xampp\\htdocs...')
#4 {main}
CRITICAL - 2021-06-27 04:12:55 --> Class 'Config\App\Filters\Auth' not found
#0 C:\xampp\htdocs\lab11_php_ci\ci4\system\CodeIgniter.php(391): CodeIgniter\Filters\Filters->run('admin/artikel', 'before')
#1 C:\xampp\htdocs\lab11_php_ci\ci4\system\CodeIgniter.php(324): CodeIgniter\CodeIgniter->handleRequest(NULL, Object(Config\Cache), false)
#2 C:\xampp\htdocs\lab11_php_ci\ci4\public\index.php(37): CodeIgniter\CodeIgniter->run()
#3 C:\xampp\htdocs\lab11_php_ci\ci4\system\Commands\Server\rewrite.php(43): require_once('C:\\xampp\\htdocs...')
#4 {main}
CRITICAL - 2021-06-27 04:16:18 --> Class 'Config\App\Filters\Auth' not found
#0 C:\xampp\htdocs\lab11_php_ci\ci4\system\CodeIgniter.php(391): CodeIgniter\Filters\Filters->run('admin/artikel', 'before')
#1 C:\xampp\htdocs\lab11_php_ci\ci4\system\CodeIgniter.php(324): CodeIgniter\CodeIgniter->handleRequest(NULL, Object(Config\Cache), false)
#2 C:\xampp\htdocs\lab11_php_ci\ci4\public\index.php(37): CodeIgniter\CodeIgniter->run()
#3 C:\xampp\htdocs\lab11_php_ci\ci4\system\Commands\Server\rewrite.php(43): require_once('C:\\xampp\\htdocs...')
#4 {main}
CRITICAL - 2021-06-27 04:18:05 --> Class 'Config\App\Filters\Auth' not found
#0 C:\xampp\htdocs\lab11_php_ci\ci4\system\CodeIgniter.php(391): CodeIgniter\Filters\Filters->run('admin/artikel', 'before')
#1 C:\xampp\htdocs\lab11_php_ci\ci4\system\CodeIgniter.php(324): CodeIgniter\CodeIgniter->handleRequest(NULL, Object(Config\Cache), false)
#2 C:\xampp\htdocs\lab11_php_ci\ci4\public\index.php(37): CodeIgniter\CodeIgniter->run()
#3 C:\xampp\htdocs\lab11_php_ci\ci4\system\Commands\Server\rewrite.php(43): require_once('C:\\xampp\\htdocs...')
#4 {main}
CRITICAL - 2021-06-27 04:28:53 --> Class 'Config\App\Filters\Auth' not found
#0 C:\xampp\htdocs\lab11_php_ci\ci4\system\CodeIgniter.php(391): CodeIgniter\Filters\Filters->run('admin/artikel', 'before')
#1 C:\xampp\htdocs\lab11_php_ci\ci4\system\CodeIgniter.php(324): CodeIgniter\CodeIgniter->handleRequest(NULL, Object(Config\Cache), false)
#2 C:\xampp\htdocs\lab11_php_ci\ci4\public\index.php(37): CodeIgniter\CodeIgniter->run()
#3 C:\xampp\htdocs\lab11_php_ci\ci4\system\Commands\Server\rewrite.php(43): require_once('C:\\xampp\\htdocs...')
#4 {main}
CRITICAL - 2021-06-27 04:28:55 --> Class 'Config\App\Filters\Auth' not found
#0 C:\xampp\htdocs\lab11_php_ci\ci4\system\CodeIgniter.php(391): CodeIgniter\Filters\Filters->run('admin/artikel', 'before')
#1 C:\xampp\htdocs\lab11_php_ci\ci4\system\CodeIgniter.php(324): CodeIgniter\CodeIgniter->handleRequest(NULL, Object(Config\Cache), false)
#2 C:\xampp\htdocs\lab11_php_ci\ci4\public\index.php(37): CodeIgniter\CodeIgniter->run()
#3 C:\xampp\htdocs\lab11_php_ci\ci4\system\Commands\Server\rewrite.php(43): require_once('C:\\xampp\\htdocs...')
#4 {main}
CRITICAL - 2021-06-27 04:28:57 --> Class 'Config\App\Filters\Auth' not found
#0 C:\xampp\htdocs\lab11_php_ci\ci4\system\CodeIgniter.php(391): CodeIgniter\Filters\Filters->run('admin/artikel', 'before')
#1 C:\xampp\htdocs\lab11_php_ci\ci4\system\CodeIgniter.php(324): CodeIgniter\CodeIgniter->handleRequest(NULL, Object(Config\Cache), false)
#2 C:\xampp\htdocs\lab11_php_ci\ci4\public\index.php(37): CodeIgniter\CodeIgniter->run()
#3 C:\xampp\htdocs\lab11_php_ci\ci4\system\Commands\Server\rewrite.php(43): require_once('C:\\xampp\\htdocs...')
#4 {main}
CRITICAL - 2021-06-27 04:28:58 --> Class 'Config\App\Filters\Auth' not found
#0 C:\xampp\htdocs\lab11_php_ci\ci4\system\CodeIgniter.php(391): CodeIgniter\Filters\Filters->run('admin/artikel', 'before')
#1 C:\xampp\htdocs\lab11_php_ci\ci4\system\CodeIgniter.php(324): CodeIgniter\CodeIgniter->handleRequest(NULL, Object(Config\Cache), false)
#2 C:\xampp\htdocs\lab11_php_ci\ci4\public\index.php(37): CodeIgniter\CodeIgniter->run()
#3 C:\xampp\htdocs\lab11_php_ci\ci4\system\Commands\Server\rewrite.php(43): require_once('C:\\xampp\\htdocs...')
#4 {main}
CRITICAL - 2021-06-27 04:28:59 --> Class 'Config\App\Filters\Auth' not found
#0 C:\xampp\htdocs\lab11_php_ci\ci4\system\CodeIgniter.php(391): CodeIgniter\Filters\Filters->run('admin/artikel', 'before')
#1 C:\xampp\htdocs\lab11_php_ci\ci4\system\CodeIgniter.php(324): CodeIgniter\CodeIgniter->handleRequest(NULL, Object(Config\Cache), false)
#2 C:\xampp\htdocs\lab11_php_ci\ci4\public\index.php(37): CodeIgniter\CodeIgniter->run()
#3 C:\xampp\htdocs\lab11_php_ci\ci4\system\Commands\Server\rewrite.php(43): require_once('C:\\xampp\\htdocs...')
#4 {main}
CRITICAL - 2021-06-27 04:29:00 --> Class 'Config\App\Filters\Auth' not found
#0 C:\xampp\htdocs\lab11_php_ci\ci4\system\CodeIgniter.php(391): CodeIgniter\Filters\Filters->run('admin/artikel', 'before')
#1 C:\xampp\htdocs\lab11_php_ci\ci4\system\CodeIgniter.php(324): CodeIgniter\CodeIgniter->handleRequest(NULL, Object(Config\Cache), false)
#2 C:\xampp\htdocs\lab11_php_ci\ci4\public\index.php(37): CodeIgniter\CodeIgniter->run()
#3 C:\xampp\htdocs\lab11_php_ci\ci4\system\Commands\Server\rewrite.php(43): require_once('C:\\xampp\\htdocs...')
#4 {main}
CRITICAL - 2021-06-27 04:29:00 --> Class 'Config\App\Filters\Auth' not found
#0 C:\xampp\htdocs\lab11_php_ci\ci4\system\CodeIgniter.php(391): CodeIgniter\Filters\Filters->run('admin/artikel', 'before')
#1 C:\xampp\htdocs\lab11_php_ci\ci4\system\CodeIgniter.php(324): CodeIgniter\CodeIgniter->handleRequest(NULL, Object(Config\Cache), false)
#2 C:\xampp\htdocs\lab11_php_ci\ci4\public\index.php(37): CodeIgniter\CodeIgniter->run()
#3 C:\xampp\htdocs\lab11_php_ci\ci4\system\Commands\Server\rewrite.php(43): require_once('C:\\xampp\\htdocs...')
#4 {main}
CRITICAL - 2021-06-27 04:31:28 --> Class 'Config\App\Filters\Auth' not found
#0 C:\xampp\htdocs\lab11_php_ci\ci4\system\CodeIgniter.php(391): CodeIgniter\Filters\Filters->run('admin/artikel', 'before')
#1 C:\xampp\htdocs\lab11_php_ci\ci4\system\CodeIgniter.php(324): CodeIgniter\CodeIgniter->handleRequest(NULL, Object(Config\Cache), false)
#2 C:\xampp\htdocs\lab11_php_ci\ci4\public\index.php(37): CodeIgniter\CodeIgniter->run()
#3 C:\xampp\htdocs\lab11_php_ci\ci4\system\Commands\Server\rewrite.php(43): require_once('C:\\xampp\\htdocs...')
#4 {main}
CRITICAL - 2021-06-27 04:31:29 --> Class 'Config\App\Filters\Auth' not found
#0 C:\xampp\htdocs\lab11_php_ci\ci4\system\CodeIgniter.php(391): CodeIgniter\Filters\Filters->run('admin/artikel', 'before')
#1 C:\xampp\htdocs\lab11_php_ci\ci4\system\CodeIgniter.php(324): CodeIgniter\CodeIgniter->handleRequest(NULL, Object(Config\Cache), false)
#2 C:\xampp\htdocs\lab11_php_ci\ci4\public\index.php(37): CodeIgniter\CodeIgniter->run()
#3 C:\xampp\htdocs\lab11_php_ci\ci4\system\Commands\Server\rewrite.php(43): require_once('C:\\xampp\\htdocs...')
#4 {main}
CRITICAL - 2021-06-27 04:32:22 --> syntax error, unexpected '.'
#0 C:\xampp\htdocs\lab11_php_ci\ci4\system\Autoloader\Autoloader.php(253): CodeIgniter\Autoloader\Autoloader->includeFile('C:\\xampp\\htdocs...')
#1 C:\xampp\htdocs\lab11_php_ci\ci4\system\Autoloader\Autoloader.php(231): CodeIgniter\Autoloader\Autoloader->loadInNamespace('Config\\Filters')
#2 [internal function]: CodeIgniter\Autoloader\Autoloader->loadClass('Config\\Filters')
#3 [internal function]: spl_autoload_call('Config\\Filters')
#4 C:\xampp\htdocs\lab11_php_ci\ci4\system\Config\Factories.php(143): class_exists('Config\\Filters')
#5 C:\xampp\htdocs\lab11_php_ci\ci4\system\Config\Factories.php(111): CodeIgniter\Config\Factories::locateClass(Array, 'Filters')
#6 C:\xampp\htdocs\lab11_php_ci\ci4\system\Common.php(212): CodeIgniter\Config\Factories::__callStatic('config', Array)
#7 C:\xampp\htdocs\lab11_php_ci\ci4\system\Config\Services.php(294): config('Filters')
#8 C:\xampp\htdocs\lab11_php_ci\ci4\system\Config\BaseService.php(256): CodeIgniter\Config\Services::filters(NULL, false)
#9 C:\xampp\htdocs\lab11_php_ci\ci4\system\Config\BaseService.php(190): CodeIgniter\Config\BaseService::__callStatic('filters', Array)
#10 C:\xampp\htdocs\lab11_php_ci\ci4\system\Config\Services.php(291): CodeIgniter\Config\BaseService::getSharedInstance('filters', NULL)
#11 C:\xampp\htdocs\lab11_php_ci\ci4\system\Config\BaseService.php(256): CodeIgniter\Config\Services::filters()
#12 C:\xampp\htdocs\lab11_php_ci\ci4\system\CodeIgniter.php(378): CodeIgniter\Config\BaseService::__callStatic('filters', Array)
#13 C:\xampp\htdocs\lab11_php_ci\ci4\system\CodeIgniter.php(324): CodeIgniter\CodeIgniter->handleRequest(NULL, Object(Config\Cache), false)
#14 C:\xampp\htdocs\lab11_php_ci\ci4\public\index.php(37): CodeIgniter\CodeIgniter->run()
#15 {main}
CRITICAL - 2021-06-27 04:32:33 --> syntax error, unexpected '.', expecting identifier (T_STRING)
#0 C:\xampp\htdocs\lab11_php_ci\ci4\system\Autoloader\Autoloader.php(253): CodeIgniter\Autoloader\Autoloader->includeFile('C:\\xampp\\htdocs...')
#1 C:\xampp\htdocs\lab11_php_ci\ci4\system\Autoloader\Autoloader.php(231): CodeIgniter\Autoloader\Autoloader->loadInNamespace('Config\\Filters')
#2 [internal function]: CodeIgniter\Autoloader\Autoloader->loadClass('Config\\Filters')
#3 [internal function]: spl_autoload_call('Config\\Filters')
#4 C:\xampp\htdocs\lab11_php_ci\ci4\system\Config\Factories.php(143): class_exists('Config\\Filters')
#5 C:\xampp\htdocs\lab11_php_ci\ci4\system\Config\Factories.php(111): CodeIgniter\Config\Factories::locateClass(Array, 'Filters')
#6 C:\xampp\htdocs\lab11_php_ci\ci4\system\Common.php(212): CodeIgniter\Config\Factories::__callStatic('config', Array)
#7 C:\xampp\htdocs\lab11_php_ci\ci4\system\Config\Services.php(294): config('Filters')
#8 C:\xampp\htdocs\lab11_php_ci\ci4\system\Config\BaseService.php(256): CodeIgniter\Config\Services::filters(NULL, false)
#9 C:\xampp\htdocs\lab11_php_ci\ci4\system\Config\BaseService.php(190): CodeIgniter\Config\BaseService::__callStatic('filters', Array)
#10 C:\xampp\htdocs\lab11_php_ci\ci4\system\Config\Services.php(291): CodeIgniter\Config\BaseService::getSharedInstance('filters', NULL)
#11 C:\xampp\htdocs\lab11_php_ci\ci4\system\Config\BaseService.php(256): CodeIgniter\Config\Services::filters()
#12 C:\xampp\htdocs\lab11_php_ci\ci4\system\CodeIgniter.php(378): CodeIgniter\Config\BaseService::__callStatic('filters', Array)
#13 C:\xampp\htdocs\lab11_php_ci\ci4\system\CodeIgniter.php(324): CodeIgniter\CodeIgniter->handleRequest(NULL, Object(Config\Cache), false)
#14 C:\xampp\htdocs\lab11_php_ci\ci4\public\index.php(37): CodeIgniter\CodeIgniter->run()
#15 {main}
