ERROR - 2021-06-22 00:56:14 --> Error connecting to the database: Access denied for user ''@'localhost' (using password: NO)
CRITICAL - 2021-06-22 00:56:14 --> Unable to connect to the database.
Main connection [MySQLi]: Access denied for user ''@'localhost' (using password: NO)
#0 C:\xampp\htdocs\lab11_php_ci\ci4\system\Database\BaseConnection.php(609): CodeIgniter\Database\BaseConnection->initialize()
#1 C:\xampp\htdocs\lab11_php_ci\ci4\system\Database\BaseBuilder.php(1788): CodeIgniter\Database\BaseConnection->query('SELECT *\nFROM `...', Array, false)
#2 C:\xampp\htdocs\lab11_php_ci\ci4\system\Model.php(191): CodeIgniter\Database\BaseBuilder->get()
#3 C:\xampp\htdocs\lab11_php_ci\ci4\system\BaseModel.php(597): CodeIgniter\Model->doFindAll(0, 0)
#4 C:\xampp\htdocs\lab11_php_ci\ci4\app\Controllers\Artikel.php(13): CodeIgniter\BaseModel->findAll()
#5 C:\xampp\htdocs\lab11_php_ci\ci4\system\CodeIgniter.php(877): App\Controllers\Artikel->index()
#6 C:\xampp\htdocs\lab11_php_ci\ci4\system\CodeIgniter.php(416): CodeIgniter\CodeIgniter->runController(Object(App\Controllers\Artikel))
#7 C:\xampp\htdocs\lab11_php_ci\ci4\system\CodeIgniter.php(324): CodeIgniter\CodeIgniter->handleRequest(NULL, Object(Config\Cache), false)
#8 C:\xampp\htdocs\lab11_php_ci\ci4\public\index.php(37): CodeIgniter\CodeIgniter->run()
#9 C:\xampp\htdocs\lab11_php_ci\ci4\system\Commands\Server\rewrite.php(43): require_once('C:\\xampp\\htdocs...')
#10 {main}
ERROR - 2021-06-22 00:58:27 --> Error connecting to the database: Access denied for user ''@'localhost' (using password: NO)
CRITICAL - 2021-06-22 00:58:27 --> Unable to connect to the database.
Main connection [MySQLi]: Access denied for user ''@'localhost' (using password: NO)
#0 C:\xampp\htdocs\lab11_php_ci\ci4\system\Database\BaseConnection.php(609): CodeIgniter\Database\BaseConnection->initialize()
#1 C:\xampp\htdocs\lab11_php_ci\ci4\system\Database\BaseBuilder.php(1788): CodeIgniter\Database\BaseConnection->query('SELECT *\nFROM `...', Array, false)
#2 C:\xampp\htdocs\lab11_php_ci\ci4\system\Model.php(191): CodeIgniter\Database\BaseBuilder->get()
#3 C:\xampp\htdocs\lab11_php_ci\ci4\system\BaseModel.php(597): CodeIgniter\Model->doFindAll(0, 0)
#4 C:\xampp\htdocs\lab11_php_ci\ci4\app\Controllers\Artikel.php(13): CodeIgniter\BaseModel->findAll()
#5 C:\xampp\htdocs\lab11_php_ci\ci4\system\CodeIgniter.php(877): App\Controllers\Artikel->index()
#6 C:\xampp\htdocs\lab11_php_ci\ci4\system\CodeIgniter.php(416): CodeIgniter\CodeIgniter->runController(Object(App\Controllers\Artikel))
#7 C:\xampp\htdocs\lab11_php_ci\ci4\system\CodeIgniter.php(324): CodeIgniter\CodeIgniter->handleRequest(NULL, Object(Config\Cache), false)
#8 C:\xampp\htdocs\lab11_php_ci\ci4\public\index.php(37): CodeIgniter\CodeIgniter->run()
#9 C:\xampp\htdocs\lab11_php_ci\ci4\system\Commands\Server\rewrite.php(43): require_once('C:\\xampp\\htdocs...')
#10 {main}
ERROR - 2021-06-22 00:58:34 --> Error connecting to the database: Access denied for user ''@'localhost' (using password: NO)
CRITICAL - 2021-06-22 00:58:34 --> Unable to connect to the database.
Main connection [MySQLi]: Access denied for user ''@'localhost' (using password: NO)
#0 C:\xampp\htdocs\lab11_php_ci\ci4\system\Database\BaseConnection.php(609): CodeIgniter\Database\BaseConnection->initialize()
#1 C:\xampp\htdocs\lab11_php_ci\ci4\system\Database\BaseBuilder.php(1788): CodeIgniter\Database\BaseConnection->query('SELECT *\nFROM `...', Array, false)
#2 C:\xampp\htdocs\lab11_php_ci\ci4\system\Model.php(191): CodeIgniter\Database\BaseBuilder->get()
#3 C:\xampp\htdocs\lab11_php_ci\ci4\system\BaseModel.php(597): CodeIgniter\Model->doFindAll(0, 0)
#4 C:\xampp\htdocs\lab11_php_ci\ci4\app\Controllers\Artikel.php(13): CodeIgniter\BaseModel->findAll()
#5 C:\xampp\htdocs\lab11_php_ci\ci4\system\CodeIgniter.php(877): App\Controllers\Artikel->index()
#6 C:\xampp\htdocs\lab11_php_ci\ci4\system\CodeIgniter.php(416): CodeIgniter\CodeIgniter->runController(Object(App\Controllers\Artikel))
#7 C:\xampp\htdocs\lab11_php_ci\ci4\system\CodeIgniter.php(324): CodeIgniter\CodeIgniter->handleRequest(NULL, Object(Config\Cache), false)
#8 C:\xampp\htdocs\lab11_php_ci\ci4\public\index.php(37): CodeIgniter\CodeIgniter->run()
#9 C:\xampp\htdocs\lab11_php_ci\ci4\system\Commands\Server\rewrite.php(43): require_once('C:\\xampp\\htdocs...')
#10 {main}
ERROR - 2021-06-22 00:58:50 --> Error connecting to the database: Access denied for user ''@'localhost' (using password: NO)
CRITICAL - 2021-06-22 00:58:50 --> Unable to connect to the database.
Main connection [MySQLi]: Access denied for user ''@'localhost' (using password: NO)
#0 C:\xampp\htdocs\lab11_php_ci\ci4\system\Database\BaseConnection.php(609): CodeIgniter\Database\BaseConnection->initialize()
#1 C:\xampp\htdocs\lab11_php_ci\ci4\system\Database\BaseBuilder.php(1788): CodeIgniter\Database\BaseConnection->query('SELECT *\nFROM `...', Array, false)
#2 C:\xampp\htdocs\lab11_php_ci\ci4\system\Model.php(191): CodeIgniter\Database\BaseBuilder->get()
#3 C:\xampp\htdocs\lab11_php_ci\ci4\system\BaseModel.php(597): CodeIgniter\Model->doFindAll(0, 0)
#4 C:\xampp\htdocs\lab11_php_ci\ci4\app\Controllers\Artikel.php(13): CodeIgniter\BaseModel->findAll()
#5 C:\xampp\htdocs\lab11_php_ci\ci4\system\CodeIgniter.php(877): App\Controllers\Artikel->index()
#6 C:\xampp\htdocs\lab11_php_ci\ci4\system\CodeIgniter.php(416): CodeIgniter\CodeIgniter->runController(Object(App\Controllers\Artikel))
#7 C:\xampp\htdocs\lab11_php_ci\ci4\system\CodeIgniter.php(324): CodeIgniter\CodeIgniter->handleRequest(NULL, Object(Config\Cache), false)
#8 C:\xampp\htdocs\lab11_php_ci\ci4\public\index.php(37): CodeIgniter\CodeIgniter->run()
#9 C:\xampp\htdocs\lab11_php_ci\ci4\system\Commands\Server\rewrite.php(43): require_once('C:\\xampp\\htdocs...')
#10 {main}
ERROR - 2021-06-22 00:58:52 --> Error connecting to the database: Access denied for user ''@'localhost' (using password: NO)
CRITICAL - 2021-06-22 00:58:52 --> Unable to connect to the database.
Main connection [MySQLi]: Access denied for user ''@'localhost' (using password: NO)
#0 C:\xampp\htdocs\lab11_php_ci\ci4\system\Database\BaseConnection.php(609): CodeIgniter\Database\BaseConnection->initialize()
#1 C:\xampp\htdocs\lab11_php_ci\ci4\system\Database\BaseBuilder.php(1788): CodeIgniter\Database\BaseConnection->query('SELECT *\nFROM `...', Array, false)
#2 C:\xampp\htdocs\lab11_php_ci\ci4\system\Model.php(191): CodeIgniter\Database\BaseBuilder->get()
#3 C:\xampp\htdocs\lab11_php_ci\ci4\system\BaseModel.php(597): CodeIgniter\Model->doFindAll(0, 0)
#4 C:\xampp\htdocs\lab11_php_ci\ci4\app\Controllers\Artikel.php(13): CodeIgniter\BaseModel->findAll()
#5 C:\xampp\htdocs\lab11_php_ci\ci4\system\CodeIgniter.php(877): App\Controllers\Artikel->index()
#6 C:\xampp\htdocs\lab11_php_ci\ci4\system\CodeIgniter.php(416): CodeIgniter\CodeIgniter->runController(Object(App\Controllers\Artikel))
#7 C:\xampp\htdocs\lab11_php_ci\ci4\system\CodeIgniter.php(324): CodeIgniter\CodeIgniter->handleRequest(NULL, Object(Config\Cache), false)
#8 C:\xampp\htdocs\lab11_php_ci\ci4\public\index.php(37): CodeIgniter\CodeIgniter->run()
#9 C:\xampp\htdocs\lab11_php_ci\ci4\system\Commands\Server\rewrite.php(43): require_once('C:\\xampp\\htdocs...')
#10 {main}
ERROR - 2021-06-22 00:59:02 --> Error connecting to the database: Access denied for user ''@'localhost' (using password: NO)
CRITICAL - 2021-06-22 00:59:02 --> Unable to connect to the database.
Main connection [MySQLi]: Access denied for user ''@'localhost' (using password: NO)
#0 C:\xampp\htdocs\lab11_php_ci\ci4\system\Database\BaseConnection.php(609): CodeIgniter\Database\BaseConnection->initialize()
#1 C:\xampp\htdocs\lab11_php_ci\ci4\system\Database\BaseBuilder.php(1788): CodeIgniter\Database\BaseConnection->query('SELECT *\nFROM `...', Array, false)
#2 C:\xampp\htdocs\lab11_php_ci\ci4\system\Model.php(191): CodeIgniter\Database\BaseBuilder->get()
#3 C:\xampp\htdocs\lab11_php_ci\ci4\system\BaseModel.php(597): CodeIgniter\Model->doFindAll(0, 0)
#4 C:\xampp\htdocs\lab11_php_ci\ci4\app\Controllers\Artikel.php(13): CodeIgniter\BaseModel->findAll()
#5 C:\xampp\htdocs\lab11_php_ci\ci4\system\CodeIgniter.php(877): App\Controllers\Artikel->index()
#6 C:\xampp\htdocs\lab11_php_ci\ci4\system\CodeIgniter.php(416): CodeIgniter\CodeIgniter->runController(Object(App\Controllers\Artikel))
#7 C:\xampp\htdocs\lab11_php_ci\ci4\system\CodeIgniter.php(324): CodeIgniter\CodeIgniter->handleRequest(NULL, Object(Config\Cache), false)
#8 C:\xampp\htdocs\lab11_php_ci\ci4\public\index.php(37): CodeIgniter\CodeIgniter->run()
#9 C:\xampp\htdocs\lab11_php_ci\ci4\system\Commands\Server\rewrite.php(43): require_once('C:\\xampp\\htdocs...')
#10 {main}
ERROR - 2021-06-22 00:59:42 --> Error connecting to the database: Access denied for user ''@'localhost' (using password: NO)
CRITICAL - 2021-06-22 00:59:42 --> Unable to connect to the database.
Main connection [MySQLi]: Access denied for user ''@'localhost' (using password: NO)
#0 C:\xampp\htdocs\lab11_php_ci\ci4\system\Database\BaseConnection.php(609): CodeIgniter\Database\BaseConnection->initialize()
#1 C:\xampp\htdocs\lab11_php_ci\ci4\system\Database\BaseBuilder.php(1788): CodeIgniter\Database\BaseConnection->query('SELECT *\nFROM `...', Array, false)
#2 C:\xampp\htdocs\lab11_php_ci\ci4\system\Model.php(191): CodeIgniter\Database\BaseBuilder->get()
#3 C:\xampp\htdocs\lab11_php_ci\ci4\system\BaseModel.php(597): CodeIgniter\Model->doFindAll(0, 0)
#4 C:\xampp\htdocs\lab11_php_ci\ci4\app\Controllers\Artikel.php(13): CodeIgniter\BaseModel->findAll()
#5 C:\xampp\htdocs\lab11_php_ci\ci4\system\CodeIgniter.php(877): App\Controllers\Artikel->index()
#6 C:\xampp\htdocs\lab11_php_ci\ci4\system\CodeIgniter.php(416): CodeIgniter\CodeIgniter->runController(Object(App\Controllers\Artikel))
#7 C:\xampp\htdocs\lab11_php_ci\ci4\system\CodeIgniter.php(324): CodeIgniter\CodeIgniter->handleRequest(NULL, Object(Config\Cache), false)
#8 C:\xampp\htdocs\lab11_php_ci\ci4\public\index.php(37): CodeIgniter\CodeIgniter->run()
#9 C:\xampp\htdocs\lab11_php_ci\ci4\system\Commands\Server\rewrite.php(43): require_once('C:\\xampp\\htdocs...')
#10 {main}
ERROR - 2021-06-22 00:59:49 --> Error connecting to the database: Access denied for user ''@'localhost' (using password: NO)
CRITICAL - 2021-06-22 00:59:49 --> Unable to connect to the database.
Main connection [MySQLi]: Access denied for user ''@'localhost' (using password: NO)
#0 C:\xampp\htdocs\lab11_php_ci\ci4\system\Database\BaseConnection.php(609): CodeIgniter\Database\BaseConnection->initialize()
#1 C:\xampp\htdocs\lab11_php_ci\ci4\system\Database\BaseBuilder.php(1788): CodeIgniter\Database\BaseConnection->query('SELECT *\nFROM `...', Array, false)
#2 C:\xampp\htdocs\lab11_php_ci\ci4\system\Model.php(191): CodeIgniter\Database\BaseBuilder->get()
#3 C:\xampp\htdocs\lab11_php_ci\ci4\system\BaseModel.php(597): CodeIgniter\Model->doFindAll(0, 0)
#4 C:\xampp\htdocs\lab11_php_ci\ci4\app\Controllers\Artikel.php(13): CodeIgniter\BaseModel->findAll()
#5 C:\xampp\htdocs\lab11_php_ci\ci4\system\CodeIgniter.php(877): App\Controllers\Artikel->index()
#6 C:\xampp\htdocs\lab11_php_ci\ci4\system\CodeIgniter.php(416): CodeIgniter\CodeIgniter->runController(Object(App\Controllers\Artikel))
#7 C:\xampp\htdocs\lab11_php_ci\ci4\system\CodeIgniter.php(324): CodeIgniter\CodeIgniter->handleRequest(NULL, Object(Config\Cache), false)
#8 C:\xampp\htdocs\lab11_php_ci\ci4\public\index.php(37): CodeIgniter\CodeIgniter->run()
#9 C:\xampp\htdocs\lab11_php_ci\ci4\system\Commands\Server\rewrite.php(43): require_once('C:\\xampp\\htdocs...')
#10 {main}
ERROR - 2021-06-22 01:00:23 --> Error connecting to the database: Access denied for user ''@'localhost' (using password: NO)
CRITICAL - 2021-06-22 01:00:23 --> Unable to connect to the database.
Main connection [MySQLi]: Access denied for user ''@'localhost' (using password: NO)
#0 C:\xampp\htdocs\lab11_php_ci\ci4\system\Database\BaseConnection.php(609): CodeIgniter\Database\BaseConnection->initialize()
#1 C:\xampp\htdocs\lab11_php_ci\ci4\system\Database\BaseBuilder.php(1788): CodeIgniter\Database\BaseConnection->query('SELECT *\nFROM `...', Array, false)
#2 C:\xampp\htdocs\lab11_php_ci\ci4\system\Model.php(191): CodeIgniter\Database\BaseBuilder->get()
#3 C:\xampp\htdocs\lab11_php_ci\ci4\system\BaseModel.php(597): CodeIgniter\Model->doFindAll(0, 0)
#4 C:\xampp\htdocs\lab11_php_ci\ci4\app\Controllers\Artikel.php(13): CodeIgniter\BaseModel->findAll()
#5 C:\xampp\htdocs\lab11_php_ci\ci4\system\CodeIgniter.php(877): App\Controllers\Artikel->index()
#6 C:\xampp\htdocs\lab11_php_ci\ci4\system\CodeIgniter.php(416): CodeIgniter\CodeIgniter->runController(Object(App\Controllers\Artikel))
#7 C:\xampp\htdocs\lab11_php_ci\ci4\system\CodeIgniter.php(324): CodeIgniter\CodeIgniter->handleRequest(NULL, Object(Config\Cache), false)
#8 C:\xampp\htdocs\lab11_php_ci\ci4\public\index.php(37): CodeIgniter\CodeIgniter->run()
#9 C:\xampp\htdocs\lab11_php_ci\ci4\system\Commands\Server\rewrite.php(43): require_once('C:\\xampp\\htdocs...')
#10 {main}
ERROR - 2021-06-22 01:31:34 --> Error connecting to the database: Access denied for user ''@'localhost' (using password: NO)
CRITICAL - 2021-06-22 01:31:34 --> Unable to connect to the database.
Main connection [MySQLi]: Access denied for user ''@'localhost' (using password: NO)
#0 C:\xampp\htdocs\lab11_php_ci\ci4\system\Database\BaseConnection.php(609): CodeIgniter\Database\BaseConnection->initialize()
#1 C:\xampp\htdocs\lab11_php_ci\ci4\system\Database\BaseBuilder.php(1788): CodeIgniter\Database\BaseConnection->query('SELECT *\nFROM `...', Array, false)
#2 C:\xampp\htdocs\lab11_php_ci\ci4\system\Model.php(191): CodeIgniter\Database\BaseBuilder->get()
#3 C:\xampp\htdocs\lab11_php_ci\ci4\system\BaseModel.php(597): CodeIgniter\Model->doFindAll(0, 0)
#4 C:\xampp\htdocs\lab11_php_ci\ci4\app\Controllers\Artikel.php(13): CodeIgniter\BaseModel->findAll()
#5 C:\xampp\htdocs\lab11_php_ci\ci4\system\CodeIgniter.php(877): App\Controllers\Artikel->index()
#6 C:\xampp\htdocs\lab11_php_ci\ci4\system\CodeIgniter.php(416): CodeIgniter\CodeIgniter->runController(Object(App\Controllers\Artikel))
#7 C:\xampp\htdocs\lab11_php_ci\ci4\system\CodeIgniter.php(324): CodeIgniter\CodeIgniter->handleRequest(NULL, Object(Config\Cache), false)
#8 C:\xampp\htdocs\lab11_php_ci\ci4\public\index.php(37): CodeIgniter\CodeIgniter->run()
#9 C:\xampp\htdocs\lab11_php_ci\ci4\system\Commands\Server\rewrite.php(43): require_once('C:\\xampp\\htdocs...')
#10 {main}
ERROR - 2021-06-22 01:31:56 --> Error connecting to the database: Access denied for user ''@'localhost' (using password: NO)
CRITICAL - 2021-06-22 01:31:56 --> Unable to connect to the database.
Main connection [MySQLi]: Access denied for user ''@'localhost' (using password: NO)
#0 C:\xampp\htdocs\lab11_php_ci\ci4\system\Database\BaseConnection.php(609): CodeIgniter\Database\BaseConnection->initialize()
#1 C:\xampp\htdocs\lab11_php_ci\ci4\system\Database\BaseBuilder.php(1788): CodeIgniter\Database\BaseConnection->query('SELECT *\nFROM `...', Array, false)
#2 C:\xampp\htdocs\lab11_php_ci\ci4\system\Model.php(191): CodeIgniter\Database\BaseBuilder->get()
#3 C:\xampp\htdocs\lab11_php_ci\ci4\system\BaseModel.php(597): CodeIgniter\Model->doFindAll(0, 0)
#4 C:\xampp\htdocs\lab11_php_ci\ci4\app\Controllers\Artikel.php(13): CodeIgniter\BaseModel->findAll()
#5 C:\xampp\htdocs\lab11_php_ci\ci4\system\CodeIgniter.php(877): App\Controllers\Artikel->index()
#6 C:\xampp\htdocs\lab11_php_ci\ci4\system\CodeIgniter.php(416): CodeIgniter\CodeIgniter->runController(Object(App\Controllers\Artikel))
#7 C:\xampp\htdocs\lab11_php_ci\ci4\system\CodeIgniter.php(324): CodeIgniter\CodeIgniter->handleRequest(NULL, Object(Config\Cache), false)
#8 C:\xampp\htdocs\lab11_php_ci\ci4\public\index.php(37): CodeIgniter\CodeIgniter->run()
#9 C:\xampp\htdocs\lab11_php_ci\ci4\system\Commands\Server\rewrite.php(43): require_once('C:\\xampp\\htdocs...')
#10 {main}
ERROR - 2021-06-22 01:32:22 --> Error connecting to the database: Access denied for user ''@'localhost' (using password: NO)
CRITICAL - 2021-06-22 01:32:22 --> Unable to connect to the database.
Main connection [MySQLi]: Access denied for user ''@'localhost' (using password: NO)
#0 C:\xampp\htdocs\lab11_php_ci\ci4\system\Database\BaseConnection.php(609): CodeIgniter\Database\BaseConnection->initialize()
#1 C:\xampp\htdocs\lab11_php_ci\ci4\system\Database\BaseBuilder.php(1788): CodeIgniter\Database\BaseConnection->query('SELECT *\nFROM `...', Array, false)
#2 C:\xampp\htdocs\lab11_php_ci\ci4\system\Model.php(191): CodeIgniter\Database\BaseBuilder->get()
#3 C:\xampp\htdocs\lab11_php_ci\ci4\system\BaseModel.php(597): CodeIgniter\Model->doFindAll(0, 0)
#4 C:\xampp\htdocs\lab11_php_ci\ci4\app\Controllers\Artikel.php(13): CodeIgniter\BaseModel->findAll()
#5 C:\xampp\htdocs\lab11_php_ci\ci4\system\CodeIgniter.php(877): App\Controllers\Artikel->index()
#6 C:\xampp\htdocs\lab11_php_ci\ci4\system\CodeIgniter.php(416): CodeIgniter\CodeIgniter->runController(Object(App\Controllers\Artikel))
#7 C:\xampp\htdocs\lab11_php_ci\ci4\system\CodeIgniter.php(324): CodeIgniter\CodeIgniter->handleRequest(NULL, Object(Config\Cache), false)
#8 C:\xampp\htdocs\lab11_php_ci\ci4\public\index.php(37): CodeIgniter\CodeIgniter->run()
#9 C:\xampp\htdocs\lab11_php_ci\ci4\system\Commands\Server\rewrite.php(43): require_once('C:\\xampp\\htdocs...')
#10 {main}
ERROR - 2021-06-22 01:32:32 --> Error connecting to the database: Access denied for user ''@'localhost' (using password: NO)
CRITICAL - 2021-06-22 01:32:32 --> Unable to connect to the database.
Main connection [MySQLi]: Access denied for user ''@'localhost' (using password: NO)
#0 C:\xampp\htdocs\lab11_php_ci\ci4\system\Database\BaseConnection.php(609): CodeIgniter\Database\BaseConnection->initialize()
#1 C:\xampp\htdocs\lab11_php_ci\ci4\system\Database\BaseBuilder.php(1788): CodeIgniter\Database\BaseConnection->query('SELECT *\nFROM `...', Array, false)
#2 C:\xampp\htdocs\lab11_php_ci\ci4\system\Model.php(191): CodeIgniter\Database\BaseBuilder->get()
#3 C:\xampp\htdocs\lab11_php_ci\ci4\system\BaseModel.php(597): CodeIgniter\Model->doFindAll(0, 0)
#4 C:\xampp\htdocs\lab11_php_ci\ci4\app\Controllers\Artikel.php(13): CodeIgniter\BaseModel->findAll()
#5 C:\xampp\htdocs\lab11_php_ci\ci4\system\CodeIgniter.php(877): App\Controllers\Artikel->index()
#6 C:\xampp\htdocs\lab11_php_ci\ci4\system\CodeIgniter.php(416): CodeIgniter\CodeIgniter->runController(Object(App\Controllers\Artikel))
#7 C:\xampp\htdocs\lab11_php_ci\ci4\system\CodeIgniter.php(324): CodeIgniter\CodeIgniter->handleRequest(NULL, Object(Config\Cache), false)
#8 C:\xampp\htdocs\lab11_php_ci\ci4\public\index.php(37): CodeIgniter\CodeIgniter->run()
#9 C:\xampp\htdocs\lab11_php_ci\ci4\system\Commands\Server\rewrite.php(43): require_once('C:\\xampp\\htdocs...')
#10 {main}
CRITICAL - 2021-06-22 01:39:31 --> Invalid file: ../template/header.php
#0 C:\xampp\htdocs\lab11_php_ci\ci4\system\View\View.php(210): CodeIgniter\Exceptions\FrameworkException::forInvalidFile('../template/hea...')
#1 C:\xampp\htdocs\lab11_php_ci\ci4\system\View\View.php(476): CodeIgniter\View\View->render('../template/hea...', NULL, true)
#2 C:\xampp\htdocs\lab11_php_ci\ci4\app\Views\artikel\index.php(1): CodeIgniter\View\View->include('../template/hea...')
#3 C:\xampp\htdocs\lab11_php_ci\ci4\system\View\View.php(226): include('C:\\xampp\\htdocs...')
#4 C:\xampp\htdocs\lab11_php_ci\ci4\system\View\View.php(229): CodeIgniter\View\View->CodeIgniter\View\{closure}()
#5 C:\xampp\htdocs\lab11_php_ci\ci4\system\Common.php(1167): CodeIgniter\View\View->render('artikel/index', Array, true)
#6 C:\xampp\htdocs\lab11_php_ci\ci4\app\Controllers\Artikel.php(14): view('artikel/index', Array)
#7 C:\xampp\htdocs\lab11_php_ci\ci4\system\CodeIgniter.php(877): App\Controllers\Artikel->index()
#8 C:\xampp\htdocs\lab11_php_ci\ci4\system\CodeIgniter.php(416): CodeIgniter\CodeIgniter->runController(Object(App\Controllers\Artikel))
#9 C:\xampp\htdocs\lab11_php_ci\ci4\system\CodeIgniter.php(324): CodeIgniter\CodeIgniter->handleRequest(NULL, Object(Config\Cache), false)
#10 C:\xampp\htdocs\lab11_php_ci\ci4\public\index.php(37): CodeIgniter\CodeIgniter->run()
#11 C:\xampp\htdocs\lab11_php_ci\ci4\system\Commands\Server\rewrite.php(43): require_once('C:\\xampp\\htdocs...')
#12 {main}
CRITICAL - 2021-06-22 01:40:03 --> Invalid file: ../template/header.php
#0 C:\xampp\htdocs\lab11_php_ci\ci4\system\View\View.php(210): CodeIgniter\Exceptions\FrameworkException::forInvalidFile('../template/hea...')
#1 C:\xampp\htdocs\lab11_php_ci\ci4\system\View\View.php(476): CodeIgniter\View\View->render('../template/hea...', NULL, true)
#2 C:\xampp\htdocs\lab11_php_ci\ci4\app\Views\artikel\index.php(1): CodeIgniter\View\View->include('../template/hea...')
#3 C:\xampp\htdocs\lab11_php_ci\ci4\system\View\View.php(226): include('C:\\xampp\\htdocs...')
#4 C:\xampp\htdocs\lab11_php_ci\ci4\system\View\View.php(229): CodeIgniter\View\View->CodeIgniter\View\{closure}()
#5 C:\xampp\htdocs\lab11_php_ci\ci4\system\Common.php(1167): CodeIgniter\View\View->render('artikel/index', Array, true)
#6 C:\xampp\htdocs\lab11_php_ci\ci4\app\Controllers\Artikel.php(14): view('artikel/index', Array)
#7 C:\xampp\htdocs\lab11_php_ci\ci4\system\CodeIgniter.php(877): App\Controllers\Artikel->index()
#8 C:\xampp\htdocs\lab11_php_ci\ci4\system\CodeIgniter.php(416): CodeIgniter\CodeIgniter->runController(Object(App\Controllers\Artikel))
#9 C:\xampp\htdocs\lab11_php_ci\ci4\system\CodeIgniter.php(324): CodeIgniter\CodeIgniter->handleRequest(NULL, Object(Config\Cache), false)
#10 C:\xampp\htdocs\lab11_php_ci\ci4\public\index.php(37): CodeIgniter\CodeIgniter->run()
#11 C:\xampp\htdocs\lab11_php_ci\ci4\system\Commands\Server\rewrite.php(43): require_once('C:\\xampp\\htdocs...')
#12 {main}
CRITICAL - 2021-06-22 01:40:05 --> Invalid file: ../template/header.php
#0 C:\xampp\htdocs\lab11_php_ci\ci4\system\View\View.php(210): CodeIgniter\Exceptions\FrameworkException::forInvalidFile('../template/hea...')
#1 C:\xampp\htdocs\lab11_php_ci\ci4\system\View\View.php(476): CodeIgniter\View\View->render('../template/hea...', NULL, true)
#2 C:\xampp\htdocs\lab11_php_ci\ci4\app\Views\artikel\index.php(1): CodeIgniter\View\View->include('../template/hea...')
#3 C:\xampp\htdocs\lab11_php_ci\ci4\system\View\View.php(226): include('C:\\xampp\\htdocs...')
#4 C:\xampp\htdocs\lab11_php_ci\ci4\system\View\View.php(229): CodeIgniter\View\View->CodeIgniter\View\{closure}()
#5 C:\xampp\htdocs\lab11_php_ci\ci4\system\Common.php(1167): CodeIgniter\View\View->render('artikel/index', Array, true)
#6 C:\xampp\htdocs\lab11_php_ci\ci4\app\Controllers\Artikel.php(14): view('artikel/index', Array)
#7 C:\xampp\htdocs\lab11_php_ci\ci4\system\CodeIgniter.php(877): App\Controllers\Artikel->index()
#8 C:\xampp\htdocs\lab11_php_ci\ci4\system\CodeIgniter.php(416): CodeIgniter\CodeIgniter->runController(Object(App\Controllers\Artikel))
#9 C:\xampp\htdocs\lab11_php_ci\ci4\system\CodeIgniter.php(324): CodeIgniter\CodeIgniter->handleRequest(NULL, Object(Config\Cache), false)
#10 C:\xampp\htdocs\lab11_php_ci\ci4\public\index.php(37): CodeIgniter\CodeIgniter->run()
#11 C:\xampp\htdocs\lab11_php_ci\ci4\system\Commands\Server\rewrite.php(43): require_once('C:\\xampp\\htdocs...')
#12 {main}
CRITICAL - 2021-06-22 01:42:49 --> Invalid file: ../template/header.php
#0 C:\xampp\htdocs\lab11_php_ci\ci4\system\View\View.php(210): CodeIgniter\Exceptions\FrameworkException::forInvalidFile('../template/hea...')
#1 C:\xampp\htdocs\lab11_php_ci\ci4\system\View\View.php(476): CodeIgniter\View\View->render('../template/hea...', NULL, true)
#2 C:\xampp\htdocs\lab11_php_ci\ci4\app\Views\artikel\index.php(1): CodeIgniter\View\View->include('../template/hea...')
#3 C:\xampp\htdocs\lab11_php_ci\ci4\system\View\View.php(226): include('C:\\xampp\\htdocs...')
#4 C:\xampp\htdocs\lab11_php_ci\ci4\system\View\View.php(229): CodeIgniter\View\View->CodeIgniter\View\{closure}()
#5 C:\xampp\htdocs\lab11_php_ci\ci4\system\Common.php(1167): CodeIgniter\View\View->render('artikel/index', Array, true)
#6 C:\xampp\htdocs\lab11_php_ci\ci4\app\Controllers\Artikel.php(14): view('artikel/index', Array)
#7 C:\xampp\htdocs\lab11_php_ci\ci4\system\CodeIgniter.php(877): App\Controllers\Artikel->index()
#8 C:\xampp\htdocs\lab11_php_ci\ci4\system\CodeIgniter.php(416): CodeIgniter\CodeIgniter->runController(Object(App\Controllers\Artikel))
#9 C:\xampp\htdocs\lab11_php_ci\ci4\system\CodeIgniter.php(324): CodeIgniter\CodeIgniter->handleRequest(NULL, Object(Config\Cache), false)
#10 C:\xampp\htdocs\lab11_php_ci\ci4\public\index.php(37): CodeIgniter\CodeIgniter->run()
#11 C:\xampp\htdocs\lab11_php_ci\ci4\system\Commands\Server\rewrite.php(43): require_once('C:\\xampp\\htdocs...')
#12 {main}
CRITICAL - 2021-06-22 01:42:57 --> Invalid file: /../template/header.php
#0 C:\xampp\htdocs\lab11_php_ci\ci4\system\View\View.php(210): CodeIgniter\Exceptions\FrameworkException::forInvalidFile('/../template/he...')
#1 C:\xampp\htdocs\lab11_php_ci\ci4\system\View\View.php(476): CodeIgniter\View\View->render('/../template/he...', NULL, true)
#2 C:\xampp\htdocs\lab11_php_ci\ci4\app\Views\artikel\index.php(1): CodeIgniter\View\View->include('/../template/he...')
#3 C:\xampp\htdocs\lab11_php_ci\ci4\system\View\View.php(226): include('C:\\xampp\\htdocs...')
#4 C:\xampp\htdocs\lab11_php_ci\ci4\system\View\View.php(229): CodeIgniter\View\View->CodeIgniter\View\{closure}()
#5 C:\xampp\htdocs\lab11_php_ci\ci4\system\Common.php(1167): CodeIgniter\View\View->render('artikel/index', Array, true)
#6 C:\xampp\htdocs\lab11_php_ci\ci4\app\Controllers\Artikel.php(14): view('artikel/index', Array)
#7 C:\xampp\htdocs\lab11_php_ci\ci4\system\CodeIgniter.php(877): App\Controllers\Artikel->index()
#8 C:\xampp\htdocs\lab11_php_ci\ci4\system\CodeIgniter.php(416): CodeIgniter\CodeIgniter->runController(Object(App\Controllers\Artikel))
#9 C:\xampp\htdocs\lab11_php_ci\ci4\system\CodeIgniter.php(324): CodeIgniter\CodeIgniter->handleRequest(NULL, Object(Config\Cache), false)
#10 C:\xampp\htdocs\lab11_php_ci\ci4\public\index.php(37): CodeIgniter\CodeIgniter->run()
#11 C:\xampp\htdocs\lab11_php_ci\ci4\system\Commands\Server\rewrite.php(43): require_once('C:\\xampp\\htdocs...')
#12 {main}
CRITICAL - 2021-06-22 01:44:44 --> Invalid file: ../template/header.php
#0 C:\xampp\htdocs\lab11_php_ci\ci4\system\View\View.php(210): CodeIgniter\Exceptions\FrameworkException::forInvalidFile('../template/hea...')
#1 C:\xampp\htdocs\lab11_php_ci\ci4\system\View\View.php(476): CodeIgniter\View\View->render('../template/hea...', NULL, true)
#2 C:\xampp\htdocs\lab11_php_ci\ci4\app\Views\artikel\index.php(1): CodeIgniter\View\View->include('../template/hea...')
#3 C:\xampp\htdocs\lab11_php_ci\ci4\system\View\View.php(226): include('C:\\xampp\\htdocs...')
#4 C:\xampp\htdocs\lab11_php_ci\ci4\system\View\View.php(229): CodeIgniter\View\View->CodeIgniter\View\{closure}()
#5 C:\xampp\htdocs\lab11_php_ci\ci4\system\Common.php(1167): CodeIgniter\View\View->render('artikel/index', Array, true)
#6 C:\xampp\htdocs\lab11_php_ci\ci4\app\Controllers\Artikel.php(14): view('artikel/index', Array)
#7 C:\xampp\htdocs\lab11_php_ci\ci4\system\CodeIgniter.php(877): App\Controllers\Artikel->index()
#8 C:\xampp\htdocs\lab11_php_ci\ci4\system\CodeIgniter.php(416): CodeIgniter\CodeIgniter->runController(Object(App\Controllers\Artikel))
#9 C:\xampp\htdocs\lab11_php_ci\ci4\system\CodeIgniter.php(324): CodeIgniter\CodeIgniter->handleRequest(NULL, Object(Config\Cache), false)
#10 C:\xampp\htdocs\lab11_php_ci\ci4\public\index.php(37): CodeIgniter\CodeIgniter->run()
#11 C:\xampp\htdocs\lab11_php_ci\ci4\system\Commands\Server\rewrite.php(43): require_once('C:\\xampp\\htdocs...')
#12 {main}
CRITICAL - 2021-06-22 01:48:59 --> Invalid file: ../template/header.php
#0 C:\xampp\htdocs\lab11_php_ci\ci4\system\View\View.php(210): CodeIgniter\Exceptions\FrameworkException::forInvalidFile('../template/hea...')
#1 C:\xampp\htdocs\lab11_php_ci\ci4\system\View\View.php(476): CodeIgniter\View\View->render('../template/hea...', NULL, true)
#2 C:\xampp\htdocs\lab11_php_ci\ci4\app\Views\artikel\index.php(1): CodeIgniter\View\View->include('../template/hea...')
#3 C:\xampp\htdocs\lab11_php_ci\ci4\system\View\View.php(226): include('C:\\xampp\\htdocs...')
#4 C:\xampp\htdocs\lab11_php_ci\ci4\system\View\View.php(229): CodeIgniter\View\View->CodeIgniter\View\{closure}()
#5 C:\xampp\htdocs\lab11_php_ci\ci4\system\Common.php(1167): CodeIgniter\View\View->render('artikel/index', Array, true)
#6 C:\xampp\htdocs\lab11_php_ci\ci4\app\Controllers\Artikel.php(14): view('artikel/index', Array)
#7 C:\xampp\htdocs\lab11_php_ci\ci4\system\CodeIgniter.php(877): App\Controllers\Artikel->index()
#8 C:\xampp\htdocs\lab11_php_ci\ci4\system\CodeIgniter.php(416): CodeIgniter\CodeIgniter->runController(Object(App\Controllers\Artikel))
#9 C:\xampp\htdocs\lab11_php_ci\ci4\system\CodeIgniter.php(324): CodeIgniter\CodeIgniter->handleRequest(NULL, Object(Config\Cache), false)
#10 C:\xampp\htdocs\lab11_php_ci\ci4\public\index.php(37): CodeIgniter\CodeIgniter->run()
#11 C:\xampp\htdocs\lab11_php_ci\ci4\system\Commands\Server\rewrite.php(43): require_once('C:\\xampp\\htdocs...')
#12 {main}
CRITICAL - 2021-06-22 01:51:11 --> CodeIgniter\View\View::main(): Failed opening required 'template/footer.php' (include_path='C:\xampp\php\PEAR')
#0 [internal function]: CodeIgniter\Debug\Exceptions->shutdownHandler()
#1 {main}
CRITICAL - 2021-06-22 01:51:19 --> CodeIgniter\View\View::main(): Failed opening required '../template/footer.php' (include_path='C:\xampp\php\PEAR')
#0 [internal function]: CodeIgniter\Debug\Exceptions->shutdownHandler()
#1 {main}
CRITICAL - 2021-06-22 01:53:40 --> Invalid file: artikel/index.php
#0 C:\xampp\htdocs\lab11_php_ci\ci4\system\View\View.php(210): CodeIgniter\Exceptions\FrameworkException::forInvalidFile('artikel/index.p...')
#1 C:\xampp\htdocs\lab11_php_ci\ci4\system\Common.php(1167): CodeIgniter\View\View->render('artikel/index', Array, true)
#2 C:\xampp\htdocs\lab11_php_ci\ci4\app\Controllers\Artikel.php(14): view('artikel/index', Array)
#3 C:\xampp\htdocs\lab11_php_ci\ci4\system\CodeIgniter.php(877): App\Controllers\Artikel->index()
#4 C:\xampp\htdocs\lab11_php_ci\ci4\system\CodeIgniter.php(416): CodeIgniter\CodeIgniter->runController(Object(App\Controllers\Artikel))
#5 C:\xampp\htdocs\lab11_php_ci\ci4\system\CodeIgniter.php(324): CodeIgniter\CodeIgniter->handleRequest(NULL, Object(Config\Cache), false)
#6 C:\xampp\htdocs\lab11_php_ci\ci4\public\index.php(37): CodeIgniter\CodeIgniter->run()
#7 C:\xampp\htdocs\lab11_php_ci\ci4\system\Commands\Server\rewrite.php(43): require_once('C:\\xampp\\htdocs...')
#8 {main}
CRITICAL - 2021-06-22 01:53:42 --> Invalid file: artikel/index.php
#0 C:\xampp\htdocs\lab11_php_ci\ci4\system\View\View.php(210): CodeIgniter\Exceptions\FrameworkException::forInvalidFile('artikel/index.p...')
#1 C:\xampp\htdocs\lab11_php_ci\ci4\system\Common.php(1167): CodeIgniter\View\View->render('artikel/index', Array, true)
#2 C:\xampp\htdocs\lab11_php_ci\ci4\app\Controllers\Artikel.php(14): view('artikel/index', Array)
#3 C:\xampp\htdocs\lab11_php_ci\ci4\system\CodeIgniter.php(877): App\Controllers\Artikel->index()
#4 C:\xampp\htdocs\lab11_php_ci\ci4\system\CodeIgniter.php(416): CodeIgniter\CodeIgniter->runController(Object(App\Controllers\Artikel))
#5 C:\xampp\htdocs\lab11_php_ci\ci4\system\CodeIgniter.php(324): CodeIgniter\CodeIgniter->handleRequest(NULL, Object(Config\Cache), false)
#6 C:\xampp\htdocs\lab11_php_ci\ci4\public\index.php(37): CodeIgniter\CodeIgniter->run()
#7 C:\xampp\htdocs\lab11_php_ci\ci4\system\Commands\Server\rewrite.php(43): require_once('C:\\xampp\\htdocs...')
#8 {main}
CRITICAL - 2021-06-22 01:53:46 --> Invalid file: artikel/index.php
#0 C:\xampp\htdocs\lab11_php_ci\ci4\system\View\View.php(210): CodeIgniter\Exceptions\FrameworkException::forInvalidFile('artikel/index.p...')
#1 C:\xampp\htdocs\lab11_php_ci\ci4\system\Common.php(1167): CodeIgniter\View\View->render('artikel/index', Array, true)
#2 C:\xampp\htdocs\lab11_php_ci\ci4\app\Controllers\Artikel.php(14): view('artikel/index', Array)
#3 C:\xampp\htdocs\lab11_php_ci\ci4\system\CodeIgniter.php(877): App\Controllers\Artikel->index()
#4 C:\xampp\htdocs\lab11_php_ci\ci4\system\CodeIgniter.php(416): CodeIgniter\CodeIgniter->runController(Object(App\Controllers\Artikel))
#5 C:\xampp\htdocs\lab11_php_ci\ci4\system\CodeIgniter.php(324): CodeIgniter\CodeIgniter->handleRequest(NULL, Object(Config\Cache), false)
#6 C:\xampp\htdocs\lab11_php_ci\ci4\public\index.php(37): CodeIgniter\CodeIgniter->run()
#7 C:\xampp\htdocs\lab11_php_ci\ci4\system\Commands\Server\rewrite.php(43): require_once('C:\\xampp\\htdocs...')
#8 {main}
CRITICAL - 2021-06-22 02:45:54 --> Invalid file: template/eader.php
#0 C:\xampp\htdocs\lab11_php_ci\ci4\system\View\View.php(210): CodeIgniter\Exceptions\FrameworkException::forInvalidFile('template/eader....')
#1 C:\xampp\htdocs\lab11_php_ci\ci4\system\View\View.php(476): CodeIgniter\View\View->render('template/eader', NULL, true)
#2 C:\xampp\htdocs\lab11_php_ci\ci4\app\Views\about.php(1): CodeIgniter\View\View->include('template/eader')
#3 C:\xampp\htdocs\lab11_php_ci\ci4\system\View\View.php(226): include('C:\\xampp\\htdocs...')
#4 C:\xampp\htdocs\lab11_php_ci\ci4\system\View\View.php(229): CodeIgniter\View\View->CodeIgniter\View\{closure}()
#5 C:\xampp\htdocs\lab11_php_ci\ci4\system\Common.php(1167): CodeIgniter\View\View->render('about', Array, true)
#6 C:\xampp\htdocs\lab11_php_ci\ci4\app\Controllers\page.php(9): view('about', Array)
#7 C:\xampp\htdocs\lab11_php_ci\ci4\system\CodeIgniter.php(877): App\Controllers\Page->about()
#8 C:\xampp\htdocs\lab11_php_ci\ci4\system\CodeIgniter.php(416): CodeIgniter\CodeIgniter->runController(Object(App\Controllers\Page))
#9 C:\xampp\htdocs\lab11_php_ci\ci4\system\CodeIgniter.php(324): CodeIgniter\CodeIgniter->handleRequest(NULL, Object(Config\Cache), false)
#10 C:\xampp\htdocs\lab11_php_ci\ci4\public\index.php(37): CodeIgniter\CodeIgniter->run()
#11 C:\xampp\htdocs\lab11_php_ci\ci4\system\Commands\Server\rewrite.php(43): require_once('C:\\xampp\\htdocs...')
#12 {main}
CRITICAL - 2021-06-22 03:12:10 --> Undefined variable: row
#0 C:\xampp\htdocs\lab11_php_ci\ci4\app\Views\artikel\detail.php(9): CodeIgniter\Debug\Exceptions->errorHandler(8, 'Undefined varia...', 'C:\\xampp\\htdocs...', 9, Array)
#1 C:\xampp\htdocs\lab11_php_ci\ci4\system\View\View.php(226): include('C:\\xampp\\htdocs...')
#2 C:\xampp\htdocs\lab11_php_ci\ci4\system\View\View.php(229): CodeIgniter\View\View->CodeIgniter\View\{closure}()
#3 C:\xampp\htdocs\lab11_php_ci\ci4\system\Common.php(1167): CodeIgniter\View\View->render('artikel/detail', Array, true)
#4 C:\xampp\htdocs\lab11_php_ci\ci4\app\Controllers\Artikel.php(28): view('artikel/detail', Array)
#5 C:\xampp\htdocs\lab11_php_ci\ci4\system\CodeIgniter.php(877): App\Controllers\Artikel->view('artikel-pertama')
#6 C:\xampp\htdocs\lab11_php_ci\ci4\system\CodeIgniter.php(416): CodeIgniter\CodeIgniter->runController(Object(App\Controllers\Artikel))
#7 C:\xampp\htdocs\lab11_php_ci\ci4\system\CodeIgniter.php(324): CodeIgniter\CodeIgniter->handleRequest(NULL, Object(Config\Cache), false)
#8 C:\xampp\htdocs\lab11_php_ci\ci4\public\index.php(37): CodeIgniter\CodeIgniter->run()
#9 {main}
CRITICAL - 2021-06-22 03:24:44 --> Invalid file: artikel/admin_index.php
#0 C:\xampp\htdocs\lab11_php_ci\ci4\system\View\View.php(210): CodeIgniter\Exceptions\FrameworkException::forInvalidFile('artikel/admin_i...')
#1 C:\xampp\htdocs\lab11_php_ci\ci4\system\Common.php(1167): CodeIgniter\View\View->render('artikel/admin_i...', Array, true)
#2 C:\xampp\htdocs\lab11_php_ci\ci4\app\Controllers\Artikel.php(35): view('artikel/admin_i...', Array)
#3 C:\xampp\htdocs\lab11_php_ci\ci4\system\CodeIgniter.php(877): App\Controllers\Artikel->admin_index()
#4 C:\xampp\htdocs\lab11_php_ci\ci4\system\CodeIgniter.php(416): CodeIgniter\CodeIgniter->runController(Object(App\Controllers\Artikel))
#5 C:\xampp\htdocs\lab11_php_ci\ci4\system\CodeIgniter.php(324): CodeIgniter\CodeIgniter->handleRequest(NULL, Object(Config\Cache), false)
#6 C:\xampp\htdocs\lab11_php_ci\ci4\public\index.php(37): CodeIgniter\CodeIgniter->run()
#7 C:\xampp\htdocs\lab11_php_ci\ci4\system\Commands\Server\rewrite.php(43): require_once('C:\\xampp\\htdocs...')
#8 {main}
CRITICAL - 2021-06-22 03:24:47 --> Invalid file: artikel/admin_index.php
#0 C:\xampp\htdocs\lab11_php_ci\ci4\system\View\View.php(210): CodeIgniter\Exceptions\FrameworkException::forInvalidFile('artikel/admin_i...')
#1 C:\xampp\htdocs\lab11_php_ci\ci4\system\Common.php(1167): CodeIgniter\View\View->render('artikel/admin_i...', Array, true)
#2 C:\xampp\htdocs\lab11_php_ci\ci4\app\Controllers\Artikel.php(35): view('artikel/admin_i...', Array)
#3 C:\xampp\htdocs\lab11_php_ci\ci4\system\CodeIgniter.php(877): App\Controllers\Artikel->admin_index()
#4 C:\xampp\htdocs\lab11_php_ci\ci4\system\CodeIgniter.php(416): CodeIgniter\CodeIgniter->runController(Object(App\Controllers\Artikel))
#5 C:\xampp\htdocs\lab11_php_ci\ci4\system\CodeIgniter.php(324): CodeIgniter\CodeIgniter->handleRequest(NULL, Object(Config\Cache), false)
#6 C:\xampp\htdocs\lab11_php_ci\ci4\public\index.php(37): CodeIgniter\CodeIgniter->run()
#7 C:\xampp\htdocs\lab11_php_ci\ci4\system\Commands\Server\rewrite.php(43): require_once('C:\\xampp\\htdocs...')
#8 {main}
CRITICAL - 2021-06-22 03:33:27 --> Invalid file: artikel/admin_index.php
#0 C:\xampp\htdocs\lab11_php_ci\ci4\system\View\View.php(210): CodeIgniter\Exceptions\FrameworkException::forInvalidFile('artikel/admin_i...')
#1 C:\xampp\htdocs\lab11_php_ci\ci4\system\Common.php(1167): CodeIgniter\View\View->render('artikel/admin_i...', Array, true)
#2 C:\xampp\htdocs\lab11_php_ci\ci4\app\Controllers\Artikel.php(35): view('artikel/admin_i...', Array)
#3 C:\xampp\htdocs\lab11_php_ci\ci4\system\CodeIgniter.php(877): App\Controllers\Artikel->admin_index()
#4 C:\xampp\htdocs\lab11_php_ci\ci4\system\CodeIgniter.php(416): CodeIgniter\CodeIgniter->runController(Object(App\Controllers\Artikel))
#5 C:\xampp\htdocs\lab11_php_ci\ci4\system\CodeIgniter.php(324): CodeIgniter\CodeIgniter->handleRequest(NULL, Object(Config\Cache), false)
#6 C:\xampp\htdocs\lab11_php_ci\ci4\public\index.php(37): CodeIgniter\CodeIgniter->run()
#7 C:\xampp\htdocs\lab11_php_ci\ci4\system\Commands\Server\rewrite.php(43): require_once('C:\\xampp\\htdocs...')
#8 {main}
CRITICAL - 2021-06-22 03:34:13 --> Invalid file: artikel/admin_index.php
#0 C:\xampp\htdocs\lab11_php_ci\ci4\system\View\View.php(210): CodeIgniter\Exceptions\FrameworkException::forInvalidFile('artikel/admin_i...')
#1 C:\xampp\htdocs\lab11_php_ci\ci4\system\Common.php(1167): CodeIgniter\View\View->render('artikel/admin_i...', Array, true)
#2 C:\xampp\htdocs\lab11_php_ci\ci4\app\Controllers\Artikel.php(35): view('artikel/admin_i...', Array)
#3 C:\xampp\htdocs\lab11_php_ci\ci4\system\CodeIgniter.php(877): App\Controllers\Artikel->admin_index()
#4 C:\xampp\htdocs\lab11_php_ci\ci4\system\CodeIgniter.php(416): CodeIgniter\CodeIgniter->runController(Object(App\Controllers\Artikel))
#5 C:\xampp\htdocs\lab11_php_ci\ci4\system\CodeIgniter.php(324): CodeIgniter\CodeIgniter->handleRequest(NULL, Object(Config\Cache), false)
#6 C:\xampp\htdocs\lab11_php_ci\ci4\public\index.php(37): CodeIgniter\CodeIgniter->run()
#7 C:\xampp\htdocs\lab11_php_ci\ci4\system\Commands\Server\rewrite.php(43): require_once('C:\\xampp\\htdocs...')
#8 {main}
CRITICAL - 2021-06-22 03:41:54 --> Invalid file: template/admin_header.php
#0 C:\xampp\htdocs\lab11_php_ci\ci4\system\View\View.php(210): CodeIgniter\Exceptions\FrameworkException::forInvalidFile('template/admin_...')
#1 C:\xampp\htdocs\lab11_php_ci\ci4\system\View\View.php(476): CodeIgniter\View\View->render('template/admin_...', NULL, true)
#2 C:\xampp\htdocs\lab11_php_ci\ci4\app\Views\artikel\admin_index.php(1): CodeIgniter\View\View->include('template/admin_...')
#3 C:\xampp\htdocs\lab11_php_ci\ci4\system\View\View.php(226): include('C:\\xampp\\htdocs...')
#4 C:\xampp\htdocs\lab11_php_ci\ci4\system\View\View.php(229): CodeIgniter\View\View->CodeIgniter\View\{closure}()
#5 C:\xampp\htdocs\lab11_php_ci\ci4\system\Common.php(1167): CodeIgniter\View\View->render('artikel/admin_i...', Array, true)
#6 C:\xampp\htdocs\lab11_php_ci\ci4\app\Controllers\Artikel.php(35): view('artikel/admin_i...', Array)
#7 C:\xampp\htdocs\lab11_php_ci\ci4\system\CodeIgniter.php(877): App\Controllers\Artikel->admin_index()
#8 C:\xampp\htdocs\lab11_php_ci\ci4\system\CodeIgniter.php(416): CodeIgniter\CodeIgniter->runController(Object(App\Controllers\Artikel))
#9 C:\xampp\htdocs\lab11_php_ci\ci4\system\CodeIgniter.php(324): CodeIgniter\CodeIgniter->handleRequest(NULL, Object(Config\Cache), false)
#10 C:\xampp\htdocs\lab11_php_ci\ci4\public\index.php(37): CodeIgniter\CodeIgniter->run()
#11 C:\xampp\htdocs\lab11_php_ci\ci4\system\Commands\Server\rewrite.php(43): require_once('C:\\xampp\\htdocs...')
#12 {main}
CRITICAL - 2021-06-22 03:41:56 --> Invalid file: template/admin_header.php
#0 C:\xampp\htdocs\lab11_php_ci\ci4\system\View\View.php(210): CodeIgniter\Exceptions\FrameworkException::forInvalidFile('template/admin_...')
#1 C:\xampp\htdocs\lab11_php_ci\ci4\system\View\View.php(476): CodeIgniter\View\View->render('template/admin_...', NULL, true)
#2 C:\xampp\htdocs\lab11_php_ci\ci4\app\Views\artikel\admin_index.php(1): CodeIgniter\View\View->include('template/admin_...')
#3 C:\xampp\htdocs\lab11_php_ci\ci4\system\View\View.php(226): include('C:\\xampp\\htdocs...')
#4 C:\xampp\htdocs\lab11_php_ci\ci4\system\View\View.php(229): CodeIgniter\View\View->CodeIgniter\View\{closure}()
#5 C:\xampp\htdocs\lab11_php_ci\ci4\system\Common.php(1167): CodeIgniter\View\View->render('artikel/admin_i...', Array, true)
#6 C:\xampp\htdocs\lab11_php_ci\ci4\app\Controllers\Artikel.php(35): view('artikel/admin_i...', Array)
#7 C:\xampp\htdocs\lab11_php_ci\ci4\system\CodeIgniter.php(877): App\Controllers\Artikel->admin_index()
#8 C:\xampp\htdocs\lab11_php_ci\ci4\system\CodeIgniter.php(416): CodeIgniter\CodeIgniter->runController(Object(App\Controllers\Artikel))
#9 C:\xampp\htdocs\lab11_php_ci\ci4\system\CodeIgniter.php(324): CodeIgniter\CodeIgniter->handleRequest(NULL, Object(Config\Cache), false)
#10 C:\xampp\htdocs\lab11_php_ci\ci4\public\index.php(37): CodeIgniter\CodeIgniter->run()
#11 C:\xampp\htdocs\lab11_php_ci\ci4\system\Commands\Server\rewrite.php(43): require_once('C:\\xampp\\htdocs...')
#12 {main}
CRITICAL - 2021-06-22 03:41:58 --> Invalid file: template/admin_header.php
#0 C:\xampp\htdocs\lab11_php_ci\ci4\system\View\View.php(210): CodeIgniter\Exceptions\FrameworkException::forInvalidFile('template/admin_...')
#1 C:\xampp\htdocs\lab11_php_ci\ci4\system\View\View.php(476): CodeIgniter\View\View->render('template/admin_...', NULL, true)
#2 C:\xampp\htdocs\lab11_php_ci\ci4\app\Views\artikel\admin_index.php(1): CodeIgniter\View\View->include('template/admin_...')
#3 C:\xampp\htdocs\lab11_php_ci\ci4\system\View\View.php(226): include('C:\\xampp\\htdocs...')
#4 C:\xampp\htdocs\lab11_php_ci\ci4\system\View\View.php(229): CodeIgniter\View\View->CodeIgniter\View\{closure}()
#5 C:\xampp\htdocs\lab11_php_ci\ci4\system\Common.php(1167): CodeIgniter\View\View->render('artikel/admin_i...', Array, true)
#6 C:\xampp\htdocs\lab11_php_ci\ci4\app\Controllers\Artikel.php(35): view('artikel/admin_i...', Array)
#7 C:\xampp\htdocs\lab11_php_ci\ci4\system\CodeIgniter.php(877): App\Controllers\Artikel->admin_index()
#8 C:\xampp\htdocs\lab11_php_ci\ci4\system\CodeIgniter.php(416): CodeIgniter\CodeIgniter->runController(Object(App\Controllers\Artikel))
#9 C:\xampp\htdocs\lab11_php_ci\ci4\system\CodeIgniter.php(324): CodeIgniter\CodeIgniter->handleRequest(NULL, Object(Config\Cache), false)
#10 C:\xampp\htdocs\lab11_php_ci\ci4\public\index.php(37): CodeIgniter\CodeIgniter->run()
#11 C:\xampp\htdocs\lab11_php_ci\ci4\system\Commands\Server\rewrite.php(43): require_once('C:\\xampp\\htdocs...')
#12 {main}
CRITICAL - 2021-06-22 03:46:48 --> Invalid file: template/admin_header.php
#0 C:\xampp\htdocs\lab11_php_ci\ci4\system\View\View.php(210): CodeIgniter\Exceptions\FrameworkException::forInvalidFile('template/admin_...')
#1 C:\xampp\htdocs\lab11_php_ci\ci4\system\View\View.php(476): CodeIgniter\View\View->render('template/admin_...', NULL, true)
#2 C:\xampp\htdocs\lab11_php_ci\ci4\app\Views\artikel\admin_index.php(1): CodeIgniter\View\View->include('template/admin_...')
#3 C:\xampp\htdocs\lab11_php_ci\ci4\system\View\View.php(226): include('C:\\xampp\\htdocs...')
#4 C:\xampp\htdocs\lab11_php_ci\ci4\system\View\View.php(229): CodeIgniter\View\View->CodeIgniter\View\{closure}()
#5 C:\xampp\htdocs\lab11_php_ci\ci4\system\Common.php(1167): CodeIgniter\View\View->render('artikel/admin_i...', Array, true)
#6 C:\xampp\htdocs\lab11_php_ci\ci4\app\Controllers\Artikel.php(35): view('artikel/admin_i...', Array)
#7 C:\xampp\htdocs\lab11_php_ci\ci4\system\CodeIgniter.php(877): App\Controllers\Artikel->admin_index()
#8 C:\xampp\htdocs\lab11_php_ci\ci4\system\CodeIgniter.php(416): CodeIgniter\CodeIgniter->runController(Object(App\Controllers\Artikel))
#9 C:\xampp\htdocs\lab11_php_ci\ci4\system\CodeIgniter.php(324): CodeIgniter\CodeIgniter->handleRequest(NULL, Object(Config\Cache), false)
#10 C:\xampp\htdocs\lab11_php_ci\ci4\public\index.php(37): CodeIgniter\CodeIgniter->run()
#11 C:\xampp\htdocs\lab11_php_ci\ci4\system\Commands\Server\rewrite.php(43): require_once('C:\\xampp\\htdocs...')
#12 {main}
CRITICAL - 2021-06-22 03:48:38 --> Invalid file: template/admin_footer.php
#0 C:\xampp\htdocs\lab11_php_ci\ci4\system\View\View.php(210): CodeIgniter\Exceptions\FrameworkException::forInvalidFile('template/admin_...')
#1 C:\xampp\htdocs\lab11_php_ci\ci4\system\View\View.php(476): CodeIgniter\View\View->render('template/admin_...', NULL, true)
#2 C:\xampp\htdocs\lab11_php_ci\ci4\app\Views\artikel\admin_index.php(40): CodeIgniter\View\View->include('template/admin_...')
#3 C:\xampp\htdocs\lab11_php_ci\ci4\system\View\View.php(226): include('C:\\xampp\\htdocs...')
#4 C:\xampp\htdocs\lab11_php_ci\ci4\system\View\View.php(229): CodeIgniter\View\View->CodeIgniter\View\{closure}()
#5 C:\xampp\htdocs\lab11_php_ci\ci4\system\Common.php(1167): CodeIgniter\View\View->render('artikel/admin_i...', Array, true)
#6 C:\xampp\htdocs\lab11_php_ci\ci4\app\Controllers\Artikel.php(35): view('artikel/admin_i...', Array)
#7 C:\xampp\htdocs\lab11_php_ci\ci4\system\CodeIgniter.php(877): App\Controllers\Artikel->admin_index()
#8 C:\xampp\htdocs\lab11_php_ci\ci4\system\CodeIgniter.php(416): CodeIgniter\CodeIgniter->runController(Object(App\Controllers\Artikel))
#9 C:\xampp\htdocs\lab11_php_ci\ci4\system\CodeIgniter.php(324): CodeIgniter\CodeIgniter->handleRequest(NULL, Object(Config\Cache), false)
#10 C:\xampp\htdocs\lab11_php_ci\ci4\public\index.php(37): CodeIgniter\CodeIgniter->run()
#11 C:\xampp\htdocs\lab11_php_ci\ci4\system\Commands\Server\rewrite.php(43): require_once('C:\\xampp\\htdocs...')
#12 {main}
CRITICAL - 2021-06-22 03:48:40 --> Invalid file: template/admin_footer.php
#0 C:\xampp\htdocs\lab11_php_ci\ci4\system\View\View.php(210): CodeIgniter\Exceptions\FrameworkException::forInvalidFile('template/admin_...')
#1 C:\xampp\htdocs\lab11_php_ci\ci4\system\View\View.php(476): CodeIgniter\View\View->render('template/admin_...', NULL, true)
#2 C:\xampp\htdocs\lab11_php_ci\ci4\app\Views\artikel\admin_index.php(40): CodeIgniter\View\View->include('template/admin_...')
#3 C:\xampp\htdocs\lab11_php_ci\ci4\system\View\View.php(226): include('C:\\xampp\\htdocs...')
#4 C:\xampp\htdocs\lab11_php_ci\ci4\system\View\View.php(229): CodeIgniter\View\View->CodeIgniter\View\{closure}()
#5 C:\xampp\htdocs\lab11_php_ci\ci4\system\Common.php(1167): CodeIgniter\View\View->render('artikel/admin_i...', Array, true)
#6 C:\xampp\htdocs\lab11_php_ci\ci4\app\Controllers\Artikel.php(35): view('artikel/admin_i...', Array)
#7 C:\xampp\htdocs\lab11_php_ci\ci4\system\CodeIgniter.php(877): App\Controllers\Artikel->admin_index()
#8 C:\xampp\htdocs\lab11_php_ci\ci4\system\CodeIgniter.php(416): CodeIgniter\CodeIgniter->runController(Object(App\Controllers\Artikel))
#9 C:\xampp\htdocs\lab11_php_ci\ci4\system\CodeIgniter.php(324): CodeIgniter\CodeIgniter->handleRequest(NULL, Object(Config\Cache), false)
#10 C:\xampp\htdocs\lab11_php_ci\ci4\public\index.php(37): CodeIgniter\CodeIgniter->run()
#11 C:\xampp\htdocs\lab11_php_ci\ci4\system\Commands\Server\rewrite.php(43): require_once('C:\\xampp\\htdocs...')
#12 {main}
CRITICAL - 2021-06-22 04:06:53 --> Undefined variable: row
#0 C:\xampp\htdocs\lab11_php_ci\ci4\app\Views\artikel\detail.php(9): CodeIgniter\Debug\Exceptions->errorHandler(8, 'Undefined varia...', 'C:\\xampp\\htdocs...', 9, Array)
#1 C:\xampp\htdocs\lab11_php_ci\ci4\system\View\View.php(226): include('C:\\xampp\\htdocs...')
#2 C:\xampp\htdocs\lab11_php_ci\ci4\system\View\View.php(229): CodeIgniter\View\View->CodeIgniter\View\{closure}()
#3 C:\xampp\htdocs\lab11_php_ci\ci4\system\Common.php(1167): CodeIgniter\View\View->render('artikel/detail', Array, true)
#4 C:\xampp\htdocs\lab11_php_ci\ci4\app\Controllers\Artikel.php(28): view('artikel/detail', Array)
#5 C:\xampp\htdocs\lab11_php_ci\ci4\system\CodeIgniter.php(877): App\Controllers\Artikel->view('artikel-pertama')
#6 C:\xampp\htdocs\lab11_php_ci\ci4\system\CodeIgniter.php(416): CodeIgniter\CodeIgniter->runController(Object(App\Controllers\Artikel))
#7 C:\xampp\htdocs\lab11_php_ci\ci4\system\CodeIgniter.php(324): CodeIgniter\CodeIgniter->handleRequest(NULL, Object(Config\Cache), false)
#8 C:\xampp\htdocs\lab11_php_ci\ci4\public\index.php(37): CodeIgniter\CodeIgniter->run()
#9 {main}
CRITICAL - 2021-06-22 07:24:14 --> Undefined variable: row
#0 C:\xampp\htdocs\lab11_php_ci\ci4\app\Views\artikel\detail.php(9): CodeIgniter\Debug\Exceptions->errorHandler(8, 'Undefined varia...', 'C:\\xampp\\htdocs...', 9, Array)
#1 C:\xampp\htdocs\lab11_php_ci\ci4\system\View\View.php(226): include('C:\\xampp\\htdocs...')
#2 C:\xampp\htdocs\lab11_php_ci\ci4\system\View\View.php(229): CodeIgniter\View\View->CodeIgniter\View\{closure}()
#3 C:\xampp\htdocs\lab11_php_ci\ci4\system\Common.php(1167): CodeIgniter\View\View->render('artikel/detail', Array, true)
#4 C:\xampp\htdocs\lab11_php_ci\ci4\app\Controllers\Artikel.php(28): view('artikel/detail', Array)
#5 C:\xampp\htdocs\lab11_php_ci\ci4\system\CodeIgniter.php(877): App\Controllers\Artikel->view('artikel-kedua')
#6 C:\xampp\htdocs\lab11_php_ci\ci4\system\CodeIgniter.php(416): CodeIgniter\CodeIgniter->runController(Object(App\Controllers\Artikel))
#7 C:\xampp\htdocs\lab11_php_ci\ci4\system\CodeIgniter.php(324): CodeIgniter\CodeIgniter->handleRequest(NULL, Object(Config\Cache), false)
#8 C:\xampp\htdocs\lab11_php_ci\ci4\public\index.php(37): CodeIgniter\CodeIgniter->run()
#9 C:\xampp\htdocs\lab11_php_ci\ci4\system\Commands\Server\rewrite.php(43): require_once('C:\\xampp\\htdocs...')
#10 {main}
CRITICAL - 2021-06-22 07:25:44 --> Undefined variable: row
#0 C:\xampp\htdocs\lab11_php_ci\ci4\app\Views\artikel\detail.php(9): CodeIgniter\Debug\Exceptions->errorHandler(8, 'Undefined varia...', 'C:\\xampp\\htdocs...', 9, Array)
#1 C:\xampp\htdocs\lab11_php_ci\ci4\system\View\View.php(226): include('C:\\xampp\\htdocs...')
#2 C:\xampp\htdocs\lab11_php_ci\ci4\system\View\View.php(229): CodeIgniter\View\View->CodeIgniter\View\{closure}()
#3 C:\xampp\htdocs\lab11_php_ci\ci4\system\Common.php(1167): CodeIgniter\View\View->render('artikel/detail', Array, true)
#4 C:\xampp\htdocs\lab11_php_ci\ci4\app\Controllers\Artikel.php(28): view('artikel/detail', Array)
#5 C:\xampp\htdocs\lab11_php_ci\ci4\system\CodeIgniter.php(877): App\Controllers\Artikel->view('artikel-kedua')
#6 C:\xampp\htdocs\lab11_php_ci\ci4\system\CodeIgniter.php(416): CodeIgniter\CodeIgniter->runController(Object(App\Controllers\Artikel))
#7 C:\xampp\htdocs\lab11_php_ci\ci4\system\CodeIgniter.php(324): CodeIgniter\CodeIgniter->handleRequest(NULL, Object(Config\Cache), false)
#8 C:\xampp\htdocs\lab11_php_ci\ci4\public\index.php(37): CodeIgniter\CodeIgniter->run()
#9 {main}
